<?xml version="1.0" encoding="UTF-8"?>
<!-- Generated by org.testng.reporters.JUnitXMLReporter -->
<testsuite hostname="DESKTOP-HJFUPPQ" ignored="1" name="TestMobileAppium" tests="4" failures="1" timestamp="2020-04-17T01:55:11 COT" time="38.69" errors="0">
  <testcase name="IniciarSesion" time="5.878" classname="testinguy.appium.main.mainTest2"/>
  <testcase name="Test_Slider" time="10.542" classname="testinguy.appium.main.mainTest2"/>
  <testcase name="Test_DragAndDrop" time="9.174" classname="testinguy.appium.main.mainTest2">
    <failure type="java.lang.AssertionError" message="expected [Circle droppedxD] but found [Circle dropped]">
      <![CDATA[java.lang.AssertionError: expected [Circle droppedxD] but found [Circle dropped]
at testinguy.appium.main.mainTest2.Test_DragAndDrop(mainTest2.java:81)
at java.util.ArrayList.forEach(ArrayList.java:1257)
... Removed 32 stack frames]]>
    </failure>
  </testcase> <!-- Test_DragAndDrop -->
  <testcase name="testCaseSkipException" time="0.0" classname="testinguy.appium.main.mainTest2">
    <skipped/>
  </testcase> <!-- testCaseSkipException -->
  <testcase name="Test_NativeView" time="0.0" classname="testinguy.appium.main.mainTest2">
    <ignored/>
  </testcase> <!-- Test_NativeView -->
</testsuite> <!-- TestMobileAppium -->
